[2023/04/04][23:12:55] [countable] [INFO] Initialized Logger
[2023/04/04][23:12:56] [countable] [INFO] Connected to database
[2023/04/04][23:12:56] [countable] [INFO] Initialized bot
[2023/04/04][23:12:56] [serenity::http::client] [INFO] request; self=Http { client: Client { accepts: Accepts, proxies: [Proxy(System({}), None)], referer: true, default_headers: {"accept": "*/*"} }, ratelimiter: Ratelimiter { client: Client { accepts: Accepts, proxies: [Proxy(System({}), None)], referer: true, default_headers: {"accept": "*/*"} }, global: Mutex { data: () }, routes: RwLock { mr: 536870911, s: Semaphore { permits: 536870911 }, c: UnsafeCell { .. } } }, ratelimiter_disabled: false, proxy: None } req=Request { body: None, multipart: None, headers: None, route: GetCurrentApplicationInfo }
[2023/04/04][23:12:56] [serenity::http::request] [INFO] build; self=Request { body: None, multipart: None, headers: None, route: GetCurrentApplicationInfo } client=Client { accepts: Accepts, proxies: [Proxy(System({}), None)], referer: true, default_headers: {"accept": "*/*"} } proxy=None
[2023/04/04][23:12:56] [reqwest::connect] [DEBUG] starting new connection: https://discord.com/
[2023/04/04][23:12:56] [hyper::client::connect::dns] [DEBUG] resolving host="discord.com"
[2023/04/04][23:12:56] [hyper::client::connect::http] [DEBUG] connecting to 162.159.128.233:443
[2023/04/04][23:12:56] [hyper::client::connect::http] [DEBUG] connected to 162.159.128.233:443
[2023/04/04][23:12:56] [hyper::client::pool] [DEBUG] pooling idle connection for ("https", discord.com)
[2023/04/04][23:12:57] [serenity::http::client] [INFO] request; self=Http { client: Client { accepts: Accepts, proxies: [Proxy(System({}), None)], referer: true, default_headers: {"accept": "*/*"} }, ratelimiter: Ratelimiter { client: Client { accepts: Accepts, proxies: [Proxy(System({}), None)], referer: true, default_headers: {"accept": "*/*"} }, global: Mutex { data: () }, routes: RwLock { mr: 536870911, s: Semaphore { permits: 536870911 }, c: UnsafeCell { .. } } }, ratelimiter_disabled: false, proxy: None } req=Request { body: None, multipart: None, headers: None, route: GetGateway }
[2023/04/04][23:12:57] [serenity::http::request] [INFO] build; self=Request { body: None, multipart: None, headers: None, route: GetGateway } client=Client { accepts: Accepts, proxies: [Proxy(System({}), None)], referer: true, default_headers: {"accept": "*/*"} } proxy=None
[2023/04/04][23:12:57] [reqwest::connect] [DEBUG] starting new connection: https://discord.com/
[2023/04/04][23:12:57] [hyper::client::connect::dns] [DEBUG] resolving host="discord.com"
[2023/04/04][23:12:57] [hyper::client::connect::http] [DEBUG] connecting to 162.159.128.233:443
[2023/04/04][23:12:57] [hyper::client::connect::http] [DEBUG] connected to 162.159.128.233:443
[2023/04/04][23:12:57] [hyper::client::pool] [DEBUG] pooling idle connection for ("https", discord.com)
[2023/04/04][23:12:57] [serenity::http::client] [INFO] request; self=Http { client: Client { accepts: Accepts, proxies: [Proxy(System({}), None)], referer: true, default_headers: {"accept": "*/*"} }, ratelimiter: Ratelimiter { client: Client { accepts: Accepts, proxies: [Proxy(System({}), None)], referer: true, default_headers: {"accept": "*/*"} }, global: Mutex { data: () }, routes: RwLock { mr: 536870911, s: Semaphore { permits: 536870911 }, c: UnsafeCell { .. } } }, ratelimiter_disabled: false, proxy: None } req=Request { body: None, multipart: None, headers: None, route: GetBotGateway }
[2023/04/04][23:12:57] [serenity::http::request] [INFO] build; self=Request { body: None, multipart: None, headers: None, route: GetBotGateway } client=Client { accepts: Accepts, proxies: [Proxy(System({}), None)], referer: true, default_headers: {"accept": "*/*"} } proxy=None
[2023/04/04][23:12:57] [hyper::client::pool] [DEBUG] reuse idle connection for ("https", discord.com)
[2023/04/04][23:12:57] [serenity::client] [INFO] start_connection; shard_data=[0, 0, 1]
[2023/04/04][23:12:57] [serenity::client::bridge::gateway::shard_manager] [INFO] set_shards; index=0 init=1 total=1
[2023/04/04][23:12:57] [serenity::client] [DEBUG] Initializing shard info: 0 - 1/1
[2023/04/04][23:12:57] [serenity::client::bridge::gateway::shard_manager] [INFO] Telling shard queuer to start shard 0
[2023/04/04][23:12:57] [serenity::client::bridge::gateway::shard_manager_monitor] [DEBUG] Starting shard manager worker
[2023/04/04][23:12:57] [serenity::client::bridge::gateway::shard_queuer] [DEBUG] [Shard Queuer] Received to start shard 0 of 1.
[2023/04/04][23:12:57] [serenity::client::bridge::gateway::shard_queuer] [INFO] checked_start; id=0 total=1
[2023/04/04][23:12:57] [serenity::client::bridge::gateway::shard_queuer] [DEBUG] [Shard Queuer] Checked start for shard 0 out of 1
[2023/04/04][23:12:57] [serenity::client::bridge::gateway::shard_queuer] [INFO] start; shard_id=0 shard_total=1
[2023/04/04][23:12:57] [serenity::internal::ws_impl] [INFO] create_client; url=Url { scheme: "wss", cannot_be_a_base: false, username: "", password: None, host: Some(Domain("gateway.discord.gg")), port: None, path: "/", query: Some("v=10"), fragment: None }
[2023/04/04][23:12:58] [tungstenite::handshake::client] [DEBUG] Client handshake done.
[2023/04/04][23:12:58] [serenity::client::bridge::gateway::shard_runner] [INFO] [ShardRunner [0, 1]] Running
[2023/04/04][23:12:58] [serenity::gateway::shard] [DEBUG] [Shard [0, 1]] Received a Hello; interval: 41250
[2023/04/04][23:12:58] [serenity::gateway::ws_client_ext] [INFO] send_identify; shard_info=[0, 1] intents=GUILDS | GUILD_MEMBERS | GUILD_BANS | GUILD_EMOJIS_AND_STICKERS | GUILD_INTEGRATIONS | GUILD_WEBHOOKS | GUILD_INVITES | GUILD_VOICE_STATES | GUILD_PRESENCES | GUILD_MESSAGES | GUILD_MESSAGE_REACTIONS | GUILD_MESSAGE_TYPING | DIRECT_MESSAGES | DIRECT_MESSAGE_REACTIONS | DIRECT_MESSAGE_TYPING | MESSAGE_CONTENT | GUILD_SCHEDULED_EVENTS | AUTO_MODERATION_CONFIGURATION | AUTO_MODERATION_EXECUTION
[2023/04/04][23:12:58] [serenity::gateway::ws_client_ext] [DEBUG] [Shard [0, 1]] Identifying
[2023/04/04][23:12:58] [serenity::gateway::shard] [DEBUG] [Shard [0, 1]] Received Ready
[2023/04/04][23:12:58] [serenity::http::client] [INFO] request; self=Http { client: Client { accepts: Accepts, proxies: [Proxy(System({}), None)], referer: true, default_headers: {"accept": "*/*"} }, ratelimiter: Ratelimiter { client: Client { accepts: Accepts, proxies: [Proxy(System({}), None)], referer: true, default_headers: {"accept": "*/*"} }, global: Mutex { data: () }, routes: RwLock { mr: 536870911, s: Semaphore { permits: 536870911 }, c: UnsafeCell { .. } } }, ratelimiter_disabled: false, proxy: None } req=Request { body: Some([91, 123, 34, 100, 101, 115, 99, 114, 105, 112, 116, 105, 111, 110, 34, 58, 34, 65, 32, 115, 108, 97, 115, 104, 32, 99, 111, 109, 109, 97, 110, 100, 34, 44, 34, 110, 97, 109, 101, 34, 58, 34, 115, 116, 117, 102, 102, 115, 34, 44, 34, 111, 112, 116, 105, 111, 110, 115, 34, 58, 91, 123, 34, 100, 101, 115, 99, 114, 105, 112, 116, 105, 111, 110, 34, 58, 34, 65, 32, 115, 108, 97, 115, 104, 32, 99, 111, 109, 109, 97, 110, 100, 34, 44, 34, 110, 97, 109, 101, 34, 58, 34, 112, 105, 110, 103, 34, 44, 34, 116, 121, 112, 101, 34, 58, 49, 125, 44, 123, 34, 100, 101, 115, 99, 114, 105, 112, 116, 105, 111, 110, 34, 58, 34, 65, 32, 115, 108, 97, 115, 104, 32, 99, 111, 109, 109, 97, 110, 100, 34, 44, 34, 110, 97, 109, 101, 34, 58, 34, 115, 116, 97, 116, 117, 115, 34, 44, 34, 116, 121, 112, 101, 34, 58, 49, 125, 44, 123, 34, 100, 101, 115, 99, 114, 105, 112, 116, 105, 111, 110, 34, 58, 34, 65, 32, 115, 108, 97, 115, 104, 32, 99, 111, 109, 109, 97, 110, 100, 34, 44, 34, 110, 97, 109, 101, 34, 58, 34, 108, 97, 115, 116, 95, 120, 95, 99, 111, 109, 109, 105, 116, 34, 44, 34, 111, 112, 116, 105, 111, 110, 115, 34, 58, 91, 123, 34, 97, 117, 116, 111, 99, 111, 109, 112, 108, 101, 116, 101, 34, 58, 102, 97, 108, 115, 101, 44, 34, 100, 101, 115, 99, 114, 105, 112, 116, 105, 111, 110, 34, 58, 34, 65, 32, 115, 108, 97, 115, 104, 32, 99, 111, 109, 109, 97, 110, 100, 32, 112, 97, 114, 97, 109, 101, 116, 101, 114, 34, 44, 34, 110, 97, 109, 101, 34, 58, 34, 120, 34, 44, 34, 114, 101, 113, 117, 105, 114, 101, 100, 34, 58, 116, 114, 117, 101, 44, 34, 116, 121, 112, 101, 34, 58, 51, 125, 93, 44, 34, 116, 121, 112, 101, 34, 58, 49, 125, 93, 125, 93]), multipart: None, headers: None, route: CreateGlobalApplicationCommands { application_id: 966585557163597824 } }
[2023/04/04][23:12:58] [serenity::http::request] [INFO] build; self=Request { body: Some([91, 123, 34, 100, 101, 115, 99, 114, 105, 112, 116, 105, 111, 110, 34, 58, 34, 65, 32, 115, 108, 97, 115, 104, 32, 99, 111, 109, 109, 97, 110, 100, 34, 44, 34, 110, 97, 109, 101, 34, 58, 34, 115, 116, 117, 102, 102, 115, 34, 44, 34, 111, 112, 116, 105, 111, 110, 115, 34, 58, 91, 123, 34, 100, 101, 115, 99, 114, 105, 112, 116, 105, 111, 110, 34, 58, 34, 65, 32, 115, 108, 97, 115, 104, 32, 99, 111, 109, 109, 97, 110, 100, 34, 44, 34, 110, 97, 109, 101, 34, 58, 34, 112, 105, 110, 103, 34, 44, 34, 116, 121, 112, 101, 34, 58, 49, 125, 44, 123, 34, 100, 101, 115, 99, 114, 105, 112, 116, 105, 111, 110, 34, 58, 34, 65, 32, 115, 108, 97, 115, 104, 32, 99, 111, 109, 109, 97, 110, 100, 34, 44, 34, 110, 97, 109, 101, 34, 58, 34, 115, 116, 97, 116, 117, 115, 34, 44, 34, 116, 121, 112, 101, 34, 58, 49, 125, 44, 123, 34, 100, 101, 115, 99, 114, 105, 112, 116, 105, 111, 110, 34, 58, 34, 65, 32, 115, 108, 97, 115, 104, 32, 99, 111, 109, 109, 97, 110, 100, 34, 44, 34, 110, 97, 109, 101, 34, 58, 34, 108, 97, 115, 116, 95, 120, 95, 99, 111, 109, 109, 105, 116, 34, 44, 34, 111, 112, 116, 105, 111, 110, 115, 34, 58, 91, 123, 34, 97, 117, 116, 111, 99, 111, 109, 112, 108, 101, 116, 101, 34, 58, 102, 97, 108, 115, 101, 44, 34, 100, 101, 115, 99, 114, 105, 112, 116, 105, 111, 110, 34, 58, 34, 65, 32, 115, 108, 97, 115, 104, 32, 99, 111, 109, 109, 97, 110, 100, 32, 112, 97, 114, 97, 109, 101, 116, 101, 114, 34, 44, 34, 110, 97, 109, 101, 34, 58, 34, 120, 34, 44, 34, 114, 101, 113, 117, 105, 114, 101, 100, 34, 58, 116, 114, 117, 101, 44, 34, 116, 121, 112, 101, 34, 58, 51, 125, 93, 44, 34, 116, 121, 112, 101, 34, 58, 49, 125, 93, 125, 93]), multipart: None, headers: None, route: CreateGlobalApplicationCommands { application_id: 966585557163597824 } } client=Client { accepts: Accepts, proxies: [Proxy(System({}), None)], referer: true, default_headers: {"accept": "*/*"} } proxy=None
[2023/04/04][23:12:58] [hyper::client::pool] [DEBUG] reuse idle connection for ("https", discord.com)
[2023/04/04][23:12:58] [serenity::model::channel] [WARN] Unknown ChannelType value: 15
[2023/04/04][23:12:59] [countable::events::on_ready] [INFO] Ready!
